

Processing IndexController#index (for 127.0.0.1 at 2010-06-02 14:28:57) [GET]
Rendering index/index
Completed in 167ms (View: 163, DB: 0) | 200 OK [http://localhost/index]


Processing IndexController#index (for 127.0.0.1 at 2010-06-02 14:29:10) [GET]
Rendering index/index
Completed in 11ms (View: 7, DB: 0) | 200 OK [http://localhost/index/index]


Processing IndexController#index (for 127.0.0.1 at 2010-06-02 14:31:23) [GET]
Rendering index/index
Completed in 14ms (View: 12, DB: 0) | 200 OK [http://localhost/index/index]


Processing IndexController#hello (for 127.0.0.1 at 2010-06-02 14:31:30) [GET]
Rendering index/hello
Completed in 30ms (View: 24, DB: 0) | 200 OK [http://localhost/index/hello]
  [4;36;1mSQL (12.5ms)[0m   [0;1m SELECT name
 FROM sqlite_master
 WHERE type = 'table' AND NOT name = 'sqlite_sequence'
[0m
  [4;35;1mSQL (0.6ms)[0m   [0mselect sqlite_version(*)[0m
  [4;36;1mSQL (10.4ms)[0m   [0;1mCREATE TABLE "schema_migrations" ("version" varchar(255) NOT NULL) [0m
  [4;35;1mSQL (15.9ms)[0m   [0mCREATE UNIQUE INDEX "unique_schema_migrations" ON "schema_migrations" ("version")[0m
  [4;36;1mSQL (0.6ms)[0m   [0;1m SELECT name
 FROM sqlite_master
 WHERE type = 'table' AND NOT name = 'sqlite_sequence'
[0m
  [4;35;1mSQL (0.2ms)[0m   [0mSELECT version FROM schema_migrations[0m
Migrating to CreatePosts (20100602105341)
  [4;36;1mSQL (1.0ms)[0m   [0;1mCREATE TABLE "posts" ("id" INTEGER PRIMARY KEY AUTOINCREMENT NOT NULL, "title" varchar(255), "body" text, "published" boolean, "created_at" datetime, "updated_at" datetime) [0m
  [4;35;1mSQL (0.3ms)[0m   [0mINSERT INTO schema_migrations (version) VALUES ('20100602105341')[0m
  [4;36;1mSQL (0.4ms)[0m   [0;1m SELECT name
 FROM sqlite_master
 WHERE type = 'table' AND NOT name = 'sqlite_sequence'
[0m
  [4;35;1mSQL (0.3ms)[0m   [0mSELECT version FROM schema_migrations[0m
  [4;36;1mSQL (0.3ms)[0m   [0;1m SELECT name
 FROM sqlite_master
 WHERE type = 'table' AND NOT name = 'sqlite_sequence'
[0m
  [4;35;1mSQL (0.1ms)[0m   [0mPRAGMA index_list("posts")[0m
  [4;36;1mPost Create (1.3ms)[0m   [0;1mINSERT INTO "posts" ("created_at", "title", "body", "published", "updated_at") VALUES('2010-06-02 10:57:10', NULL, NULL, NULL, '2010-06-02 10:57:10')[0m
WARNING: Can't mass-assign these protected attributes: id
  [4;36;1mPost Create (1.4ms)[0m   [0;1mINSERT INTO "posts" ("created_at", "title", "body", "published", "updated_at") VALUES('2010-06-02 11:04:49', 'asdasda', NULL, NULL, '2010-06-02 11:04:49')[0m


Processing IndexController#hello (for 127.0.0.1 at 2010-06-02 15:10:15) [GET]
Rendering index/hello
Completed in 58ms (View: 40, DB: 0) | 200 OK [http://localhost/index/hello]


Processing IndexController#index (for 127.0.0.1 at 2010-06-02 15:10:20) [GET]

NameError (uninitialized constant IndexController::Story):
  app/controllers/index_controller.rb:3:in `index'
  /opt/ruby-enterprise-1.8.7-2010.01/lib/ruby/1.8/webrick/httpserver.rb:104:in `service'
  /opt/ruby-enterprise-1.8.7-2010.01/lib/ruby/1.8/webrick/httpserver.rb:65:in `run'
  /opt/ruby-enterprise-1.8.7-2010.01/lib/ruby/1.8/webrick/server.rb:173:in `start_thread'
  /opt/ruby-enterprise-1.8.7-2010.01/lib/ruby/1.8/webrick/server.rb:162:in `start'
  /opt/ruby-enterprise-1.8.7-2010.01/lib/ruby/1.8/webrick/server.rb:162:in `start_thread'
  /opt/ruby-enterprise-1.8.7-2010.01/lib/ruby/1.8/webrick/server.rb:95:in `start'
  /opt/ruby-enterprise-1.8.7-2010.01/lib/ruby/1.8/webrick/server.rb:92:in `each'
  /opt/ruby-enterprise-1.8.7-2010.01/lib/ruby/1.8/webrick/server.rb:92:in `start'
  /opt/ruby-enterprise-1.8.7-2010.01/lib/ruby/1.8/webrick/server.rb:23:in `start'
  /opt/ruby-enterprise-1.8.7-2010.01/lib/ruby/1.8/webrick/server.rb:82:in `start'

Rendered rescues/_trace (79.3ms)
Rendered rescues/_request_and_response (19.2ms)
Rendering rescues/layout (internal_server_error)


Processing IndexController#index (for 127.0.0.1 at 2010-06-02 15:10:48) [GET]
  [4;36;1mPost Load (1.1ms)[0m   [0;1mSELECT * FROM "posts" WHERE ("posts"."id" = '1') LIMIT 1[0m
Rendering index/index
Completed in 100ms (View: 16, DB: 1) | 200 OK [http://localhost/index/]
WARNING: Can't mass-assign these protected attributes: id
  [4;36;1mPost Create (1.3ms)[0m   [0;1mINSERT INTO "posts" ("created_at", "title", "body", "published", "updated_at") VALUES('2010-06-02 11:11:51', 'asdasdaasssssssss', NULL, NULL, '2010-06-02 11:11:51')[0m
  [4;35;1mSQL (0.7ms)[0m   [0m SELECT name
 FROM sqlite_master
 WHERE type = 'table' AND NOT name = 'sqlite_sequence'
[0m


Processing IndexController#index (for 127.0.0.1 at 2010-06-02 15:12:22) [GET]
  [4;36;1mPost Load (0.8ms)[0m   [0;1mSELECT * FROM "posts" WHERE ("posts"."id" = '2') LIMIT 1[0m
Rendering index/index
Completed in 71ms (View: 15, DB: 1) | 200 OK [http://localhost/index/]


Processing IndexController#index (for 127.0.0.1 at 2010-06-02 15:12:46) [GET]
  [4;35;1mPost Load (0.8ms)[0m   [0mSELECT * FROM "posts" WHERE ("posts"."id" = '2') LIMIT 1[0m
Rendering index/index
Completed in 38ms (View: 16, DB: 1) | 200 OK [http://localhost/index/]


Processing IndexController#index (for 127.0.0.1 at 2010-06-03 11:11:04) [GET]
  [4;36;1mPost Load (0.7ms)[0m   [0;1mSELECT * FROM "posts" WHERE ("posts"."id" = '2') LIMIT 1[0m
Rendering index/index
Completed in 66ms (View: 8, DB: 1) | 200 OK [http://localhost/index/]


Processing IndexController#index (for 127.0.0.1 at 2010-06-03 11:11:04) [GET]
  [4;35;1mPost Load (1.0ms)[0m   [0mSELECT * FROM "posts" WHERE ("posts"."id" = '2') LIMIT 1[0m
Rendering index/index
Completed in 29ms (View: 4, DB: 1) | 200 OK [http://localhost/index/]


Processing IndexController#hello (for 127.0.0.1 at 2010-06-03 11:11:47) [GET]
Rendering index/hello
Completed in 30ms (View: 24, DB: 0) | 200 OK [http://localhost/index/hello]


Processing IndexController#index (for 127.0.0.1 at 2010-06-03 11:11:56) [GET]
  [4;36;1mPost Load (9.4ms)[0m   [0;1mSELECT * FROM "posts" WHERE ("posts"."id" = '2') LIMIT 1[0m
Rendering index/index
Completed in 35ms (View: 4, DB: 9) | 200 OK [http://localhost/index/]


Processing IndexController#index (for 127.0.0.1 at 2010-06-03 11:12:34) [GET]
  [4;35;1mPost Load (0.8ms)[0m   [0mSELECT * FROM "posts" WHERE ("posts"."id" = '2') LIMIT 1[0m
Rendering index/index
Completed in 227ms (View: 183, DB: 1) | 200 OK [http://localhost/index/]


Processing IndexController#index (for 127.0.0.1 at 2010-06-03 11:12:34) [GET]
  [4;36;1mPost Load (1.7ms)[0m   [0;1mSELECT * FROM "posts" WHERE ("posts"."id" = '2') LIMIT 1[0m
Rendering index/index
Completed in 30ms (View: 8, DB: 2) | 200 OK [http://localhost/index/]


Processing IndexController#index (for 127.0.0.1 at 2010-06-03 11:12:35) [GET]
  [4;35;1mPost Load (0.8ms)[0m   [0mSELECT * FROM "posts" WHERE ("posts"."id" = '2') LIMIT 1[0m
Rendering index/index
Completed in 24ms (View: 5, DB: 1) | 200 OK [http://localhost/index/]


Processing IndexController#index (for 127.0.0.1 at 2010-06-03 11:12:35) [GET]
  [4;36;1mPost Load (1.1ms)[0m   [0;1mSELECT * FROM "posts" WHERE ("posts"."id" = '2') LIMIT 1[0m
Rendering index/index
Completed in 27ms (View: 5, DB: 1) | 200 OK [http://localhost/index/]


Processing IndexController#index (for 127.0.0.1 at 2010-06-03 11:12:36) [GET]
  [4;35;1mPost Load (1.3ms)[0m   [0mSELECT * FROM "posts" WHERE ("posts"."id" = '2') LIMIT 1[0m
Rendering index/index
Completed in 37ms (View: 6, DB: 1) | 200 OK [http://localhost/index/]


Processing IndexController#index (for 127.0.0.1 at 2010-06-03 11:12:36) [GET]
  [4;36;1mPost Load (3.8ms)[0m   [0;1mSELECT * FROM "posts" WHERE ("posts"."id" = '2') LIMIT 1[0m
Rendering index/index
Completed in 41ms (View: 4, DB: 4) | 200 OK [http://localhost/index/]


Processing IndexController#index (for 127.0.0.1 at 2010-06-03 11:12:37) [GET]
  [4;35;1mPost Load (2.9ms)[0m   [0mSELECT * FROM "posts" WHERE ("posts"."id" = '2') LIMIT 1[0m
Rendering index/index
Completed in 36ms (View: 9, DB: 3) | 200 OK [http://localhost/index/]


Processing IndexController#index (for 127.0.0.1 at 2010-06-03 11:12:37) [GET]
  [4;36;1mPost Load (0.7ms)[0m   [0;1mSELECT * FROM "posts" WHERE ("posts"."id" = '2') LIMIT 1[0m
Rendering index/index
Completed in 45ms (View: 7, DB: 1) | 200 OK [http://localhost/index/]
  [4;36;1mSQL (0.7ms)[0m   [0;1m SELECT name
 FROM sqlite_master
 WHERE type = 'table' AND NOT name = 'sqlite_sequence'
[0m
  [4;35;1mSQL (0.3ms)[0m   [0mSELECT version FROM schema_migrations[0m
Migrating to CreatePosts (20100602105341)
Migrating to CreateAdmins (20100603072545)
  [4;36;1mSQL (0.2ms)[0m   [0;1mselect sqlite_version(*)[0m
  [4;35;1mSQL (1.0ms)[0m   [0mCREATE TABLE "admins" ("id" INTEGER PRIMARY KEY AUTOINCREMENT NOT NULL, "username" varchar(255), "password" varchar(255), "active" boolean, "created_at" datetime, "updated_at" datetime) [0m
  [4;36;1mSQL (0.4ms)[0m   [0;1mINSERT INTO schema_migrations (version) VALUES ('20100603072545')[0m
Migrating to CreateAliases (20100603072909)
  [4;35;1mSQL (2.4ms)[0m   [0mCREATE TABLE "aliases" ("id" INTEGER PRIMARY KEY AUTOINCREMENT NOT NULL, "address" varchar(255), "goto" varchar(255), "domain" varchar(255), "active" boolean, "created_at" datetime, "updated_at" datetime) [0m
  [4;36;1mSQL (0.3ms)[0m   [0;1mINSERT INTO schema_migrations (version) VALUES ('20100603072909')[0m
Migrating to CreateDomains (20100603073455)
  [4;35;1mSQL (0.8ms)[0m   [0mCREATE TABLE "domains" ("id" INTEGER PRIMARY KEY AUTOINCREMENT NOT NULL, "domain" varchar(255), "description" text, "aliases" integer, "mailboxes" integer, "maxquota" integer, "quota" integer, "transport" varchar(255), "backupmx" boolean, "active" boolean, "created_at" datetime, "updated_at" datetime) [0m
  [4;36;1mSQL (0.3ms)[0m   [0;1mINSERT INTO schema_migrations (version) VALUES ('20100603073455')[0m
Migrating to CreateDomainAdmins (20100603073622)
  [4;35;1mSQL (0.8ms)[0m   [0mCREATE TABLE "domain_admins" ("id" INTEGER PRIMARY KEY AUTOINCREMENT NOT NULL, "username" varchar(255), "domain" varchar(255), "active" boolean, "created_at" datetime, "updated_at" datetime) [0m
  [4;36;1mSQL (0.3ms)[0m   [0;1mINSERT INTO schema_migrations (version) VALUES ('20100603073622')[0m
Migrating to CreateMailboxes (20100603073832)
  [4;35;1mSQL (0.8ms)[0m   [0mCREATE TABLE "mailboxes" ("id" INTEGER PRIMARY KEY AUTOINCREMENT NOT NULL, "username" varchar(255), "password" varchar(255), "name" varchar(255), "maildir" varchar(255), "quota" integer, "domain" varchar(255), "active" boolean, "created_at" datetime, "updated_at" datetime) [0m
  [4;36;1mSQL (2.6ms)[0m   [0;1mINSERT INTO schema_migrations (version) VALUES ('20100603073832')[0m
Migrating to CreateRedirects (20100603074002)
  [4;35;1mSQL (0.8ms)[0m   [0mCREATE TABLE "redirects" ("id" INTEGER PRIMARY KEY AUTOINCREMENT NOT NULL, "address" varchar(255), "goto" varchar(255), "created_at" datetime, "updated_at" datetime) [0m
  [4;36;1mSQL (0.3ms)[0m   [0;1mINSERT INTO schema_migrations (version) VALUES ('20100603074002')[0m
  [4;35;1mSQL (5.0ms)[0m   [0m SELECT name
 FROM sqlite_master
 WHERE type = 'table' AND NOT name = 'sqlite_sequence'
[0m
  [4;36;1mSQL (7.1ms)[0m   [0;1mSELECT version FROM schema_migrations[0m
  [4;35;1mSQL (1.0ms)[0m   [0m SELECT name
 FROM sqlite_master
 WHERE type = 'table' AND NOT name = 'sqlite_sequence'
[0m
  [4;36;1mSQL (0.1ms)[0m   [0;1mPRAGMA index_list("admins")[0m
  [4;35;1mSQL (0.1ms)[0m   [0mPRAGMA index_list("aliases")[0m
  [4;36;1mSQL (0.1ms)[0m   [0;1mPRAGMA index_list("domain_admins")[0m
  [4;35;1mSQL (0.1ms)[0m   [0mPRAGMA index_list("domains")[0m
  [4;36;1mSQL (0.1ms)[0m   [0;1mPRAGMA index_list("mailboxes")[0m
  [4;35;1mSQL (0.1ms)[0m   [0mPRAGMA index_list("posts")[0m
  [4;36;1mSQL (0.1ms)[0m   [0;1mPRAGMA index_list("redirects")[0m


Processing IndexController#index (for 192.168.0.4 at 2010-06-09 16:05:18) [GET]
  [4;36;1mPost Load (0.5ms)[0m   [0;1mSELECT * FROM "posts" WHERE ("posts"."id" = '2') LIMIT 1[0m
Rendering index/index
Completed in 251ms (View: 62, DB: 0) | 200 OK [http://192.168.0.4/]


Processing IndexController#index (for 192.168.0.6 at 2010-06-09 16:05:57) [GET]
  [4;35;1mPost Load (0.4ms)[0m   [0mSELECT * FROM "posts" WHERE ("posts"."id" = '2') LIMIT 1[0m
Rendering index/index
Completed in 49ms (View: 2, DB: 0) | 200 OK [http://192.168.0.4/]


Processing IndexController#index (for 127.0.0.1 at 2010-06-09 19:06:30) [GET]
  [4;36;1mPost Load (0.4ms)[0m   [0;1mSELECT * FROM "posts" WHERE ("posts"."id" = '2') LIMIT 1[0m
Rendering index/index
Completed in 238ms (View: 187, DB: 0) | 200 OK [http://localhost/]


Processing IndexController#notice (for 127.0.0.1 at 2010-06-09 19:06:46) [GET]
Redirected to http://localhost:3000/
Completed in 260ms (DB: 0) | 302 Found [http://localhost/index/notice]


Processing IndexController#index (for 127.0.0.1 at 2010-06-09 19:06:46) [GET]
  [4;35;1mPost Load (0.3ms)[0m   [0mSELECT * FROM "posts" WHERE ("posts"."id" = '2') LIMIT 1[0m
Rendering index/index
Completed in 10ms (View: 5, DB: 0) | 200 OK [http://localhost/]


Processing IndexController#notice (for 127.0.0.1 at 2010-06-09 19:07:05) [GET]

ActionView::MissingTemplate (Missing template index/notice.erb in view path app/views):
  /usr/local/lib/ruby/1.8/webrick/httpserver.rb:104:in `service'
  /usr/local/lib/ruby/1.8/webrick/httpserver.rb:65:in `run'
  /usr/local/lib/ruby/1.8/webrick/server.rb:173:in `start_thread'
  /usr/local/lib/ruby/1.8/webrick/server.rb:162:in `start'
  /usr/local/lib/ruby/1.8/webrick/server.rb:162:in `start_thread'
  /usr/local/lib/ruby/1.8/webrick/server.rb:95:in `start'
  /usr/local/lib/ruby/1.8/webrick/server.rb:92:in `each'
  /usr/local/lib/ruby/1.8/webrick/server.rb:92:in `start'
  /usr/local/lib/ruby/1.8/webrick/server.rb:23:in `start'
  /usr/local/lib/ruby/1.8/webrick/server.rb:82:in `start'
  /server:3

Rendering rescues/layout (internal_server_error)


Processing IndexController#notice (for 127.0.0.1 at 2010-06-09 19:09:01) [GET]
Rendering index/notice
Completed in 18ms (View: 16, DB: 0) | 200 OK [http://localhost/index/notice]


Processing IndexController#notice (for 127.0.0.1 at 2010-06-09 19:09:07) [GET]
Rendering index/notice
Completed in 5ms (View: 4, DB: 0) | 200 OK [http://localhost/index/notice]


Processing IndexController#notice (for 127.0.0.1 at 2010-06-09 19:09:09) [GET]
Rendering index/notice
Completed in 7ms (View: 3, DB: 0) | 200 OK [http://localhost/index/notice]


Processing IndexController#notice (for 127.0.0.1 at 2010-06-09 19:09:20) [GET]
Redirected to http://localhost:3000/
Completed in 12ms (DB: 0) | 302 Found [http://localhost/index/notice]


Processing IndexController#index (for 127.0.0.1 at 2010-06-09 19:09:20) [GET]
  [4;36;1mPost Load (4.8ms)[0m   [0;1mSELECT * FROM "posts" WHERE ("posts"."id" = '2') LIMIT 1[0m
Rendering index/index
Completed in 33ms (View: 8, DB: 5) | 200 OK [http://localhost/]
  [4;36;1mSQL (30.1ms)[0m   [0;1m SELECT name
 FROM sqlite_master
 WHERE type = 'table' AND NOT name = 'sqlite_sequence'
[0m
  [4;35;1mSQL (0.7ms)[0m   [0mSELECT version FROM schema_migrations[0m
Migrating to CreatePosts (20100602105341)
Migrating to CreateAdmins (20100603072545)
Migrating to CreateAliases (20100603072909)
Migrating to CreateDomains (20100603073455)
Migrating to CreateDomainAdmins (20100603073622)
Migrating to CreateMailboxes (20100603073832)
Migrating to CreateRedirects (20100603074002)
  [4;36;1mSQL (0.3ms)[0m   [0;1mselect sqlite_version(*)[0m
  [4;35;1mSQL (0.7ms)[0m   [0m SELECT name
 FROM sqlite_master
 WHERE type = 'table' AND NOT name = 'sqlite_sequence'
[0m
  [4;36;1mSQL (0.7ms)[0m   [0;1mSELECT version FROM schema_migrations[0m
  [4;35;1mSQL (0.6ms)[0m   [0m SELECT name
 FROM sqlite_master
 WHERE type = 'table' AND NOT name = 'sqlite_sequence'
[0m
  [4;36;1mSQL (0.1ms)[0m   [0;1mPRAGMA index_list("admins")[0m
  [4;35;1mSQL (0.1ms)[0m   [0mPRAGMA index_list("aliases")[0m
  [4;36;1mSQL (0.1ms)[0m   [0;1mPRAGMA index_list("domain_admins")[0m
  [4;35;1mSQL (0.1ms)[0m   [0mPRAGMA index_list("domains")[0m
  [4;36;1mSQL (0.1ms)[0m   [0;1mPRAGMA index_list("mailboxes")[0m
  [4;35;1mSQL (0.1ms)[0m   [0mPRAGMA index_list("posts")[0m
  [4;36;1mSQL (0.1ms)[0m   [0;1mPRAGMA index_list("redirects")[0m


Processing IndexController#index (for 127.0.0.1 at 2010-08-25 15:31:04) [GET]
  [4;36;1mPost Load (0.3ms)[0m   [0;1mSELECT * FROM "posts" WHERE ("posts"."id" = '2') LIMIT 1[0m
Rendering index/index
Completed in 55ms (View: 47, DB: 0) | 200 OK [http://localhost/index/]


Processing IndexController#index (for 127.0.0.1 at 2010-08-25 15:32:08) [GET]
  [4;35;1mPost Load (0.6ms)[0m   [0mSELECT * FROM "posts" WHERE ("posts"."id" = '2') LIMIT 1[0m
Rendering index/index
Completed in 35ms (View: 18, DB: 1) | 200 OK [http://localhost/index/]
